src\com\sun\source\tree\AnnotationTree.java
src\com\sun\source\tree\ArrayAccessTree.java
src\com\sun\source\tree\ArrayTypeTree.java
src\com\sun\source\tree\AssertTree.java
src\com\sun\source\tree\AssignmentTree.java
src\com\sun\source\tree\BinaryTree.java
src\com\sun\source\tree\BlockTree.java
src\com\sun\source\tree\BreakTree.java
src\com\sun\source\tree\CaseTree.java
src\com\sun\source\tree\CatchTree.java
src\com\sun\source\tree\ClassTree.java
src\com\sun\source\tree\CompilationUnitTree.java
src\com\sun\source\tree\CompoundAssignmentTree.java
src\com\sun\source\tree\ConditionalExpressionTree.java
src\com\sun\source\tree\ContinueTree.java
src\com\sun\source\tree\DoWhileLoopTree.java
src\com\sun\source\tree\EmptyStatementTree.java
src\com\sun\source\tree\EnhancedForLoopTree.java
src\com\sun\source\tree\ErroneousTree.java
src\com\sun\source\tree\ExpressionStatementTree.java
src\com\sun\source\tree\ExpressionTree.java
src\com\sun\source\tree\ForLoopTree.java
src\com\sun\source\tree\IdentifierTree.java
src\com\sun\source\tree\IfTree.java
src\com\sun\source\tree\ImportTree.java
src\com\sun\source\tree\InstanceOfTree.java
src\com\sun\source\tree\LabeledStatementTree.java
src\com\sun\source\tree\LineMap.java
src\com\sun\source\tree\LiteralTree.java
src\com\sun\source\tree\MemberSelectTree.java
src\com\sun\source\tree\MethodInvocationTree.java
src\com\sun\source\tree\MethodTree.java
src\com\sun\source\tree\ModifiersTree.java
src\com\sun\source\tree\NewArrayTree.java
src\com\sun\source\tree\NewClassTree.java
src\com\sun\source\tree\package-info.java
src\com\sun\source\tree\ParameterizedTypeTree.java
src\com\sun\source\tree\ParenthesizedTree.java
src\com\sun\source\tree\PrimitiveTypeTree.java
src\com\sun\source\tree\ReturnTree.java
src\com\sun\source\tree\Scope.java
src\com\sun\source\tree\StatementTree.java
src\com\sun\source\tree\SwitchTree.java
src\com\sun\source\tree\SynchronizedTree.java
src\com\sun\source\tree\ThrowTree.java
src\com\sun\source\tree\Tree.java
src\com\sun\source\tree\TreeVisitor.java
src\com\sun\source\tree\TryTree.java
src\com\sun\source\tree\TypeCastTree.java
src\com\sun\source\tree\TypeParameterTree.java
src\com\sun\source\tree\UnaryTree.java
src\com\sun\source\tree\VariableTree.java
src\com\sun\source\tree\WhileLoopTree.java
src\com\sun\source\tree\WildcardTree.java
src\com\sun\source\util\JavacTask.java
src\com\sun\source\util\package-info.java
src\com\sun\source\util\SimpleTreeVisitor.java
src\com\sun\source\util\SourcePositions.java
src\com\sun\source\util\TaskEvent.java
src\com\sun\source\util\TaskListener.java
src\com\sun\source\util\TreePath.java
src\com\sun\source\util\TreePathScanner.java
src\com\sun\source\util\Trees.java
src\com\sun\source\util\TreeScanner.java
src\com\sun\tools\javac\Launcher.java
src\com\sun\tools\javac\Main.java
src\com\sun\tools\javac\Server.java
src\com\sun\tools\javac\api\JavacScope.java
src\com\sun\tools\javac\api\JavacTaskImpl.java
src\com\sun\tools\javac\api\JavacTool.java
src\com\sun\tools\javac\api\JavacTrees.java
src\com\sun\tools\javac\api\WrappingJavaFileManager.java
src\com\sun\tools\javac\code\Attribute.java
src\com\sun\tools\javac\code\BoundKind.java
src\com\sun\tools\javac\code\Flags.java
src\com\sun\tools\javac\code\Kinds.java
src\com\sun\tools\javac\code\Lint.java
src\com\sun\tools\javac\code\Scope.java
src\com\sun\tools\javac\code\Source.java
src\com\sun\tools\javac\code\Symbol.java
src\com\sun\tools\javac\code\Symtab.java
src\com\sun\tools\javac\code\Type.java
src\com\sun\tools\javac\code\Types.java
src\com\sun\tools\javac\code\TypeTags.java
src\com\sun\tools\javac\comp\Annotate.java
src\com\sun\tools\javac\comp\Attr.java
src\com\sun\tools\javac\comp\AttrContext.java
src\com\sun\tools\javac\comp\AttrContextEnv.java
src\com\sun\tools\javac\comp\Check.java
src\com\sun\tools\javac\comp\ConstFold.java
src\com\sun\tools\javac\comp\Enter.java
src\com\sun\tools\javac\comp\Env.java
src\com\sun\tools\javac\comp\Flow.java
src\com\sun\tools\javac\comp\Infer.java
src\com\sun\tools\javac\comp\Lower.java
src\com\sun\tools\javac\comp\MemberEnter.java
src\com\sun\tools\javac\comp\Resolve.java
src\com\sun\tools\javac\comp\Todo.java
src\com\sun\tools\javac\comp\TransTypes.java
src\com\sun\tools\javac\file\BaseFileObject.java
src\com\sun\tools\javac\file\CacheFSInfo.java
src\com\sun\tools\javac\file\FSInfo.java
src\com\sun\tools\javac\file\JavacFileManager.java
src\com\sun\tools\javac\file\Paths.java
src\com\sun\tools\javac\file\RegularFileObject.java
src\com\sun\tools\javac\file\RelativePath.java
src\com\sun\tools\javac\file\SymbolArchive.java
src\com\sun\tools\javac\file\ZipArchive.java
src\com\sun\tools\javac\file\ZipFileIndex.java
src\com\sun\tools\javac\file\ZipFileIndexArchive.java
src\com\sun\tools\javac\jvm\ByteCodes.java
src\com\sun\tools\javac\jvm\ClassFile.java
src\com\sun\tools\javac\jvm\ClassReader.java
src\com\sun\tools\javac\jvm\ClassWriter.java
src\com\sun\tools\javac\jvm\Code.java
src\com\sun\tools\javac\jvm\CRTable.java
src\com\sun\tools\javac\jvm\CRTFlags.java
src\com\sun\tools\javac\jvm\Gen.java
src\com\sun\tools\javac\jvm\Items.java
src\com\sun\tools\javac\jvm\Pool.java
src\com\sun\tools\javac\jvm\Target.java
src\com\sun\tools\javac\jvm\UninitializedType.java
src\com\sun\tools\javac\main\CommandLine.java
src\com\sun\tools\javac\main\JavaCompiler.java
src\com\sun\tools\javac\main\JavacOption.java
src\com\sun\tools\javac\main\Main.java
src\com\sun\tools\javac\main\OptionName.java
src\com\sun\tools\javac\main\RecognizedOptions.java
src\com\sun\tools\javac\model\AnnotationProxyMaker.java
src\com\sun\tools\javac\model\FilteredMemberList.java
src\com\sun\tools\javac\model\JavacElements.java
src\com\sun\tools\javac\model\JavacSourcePosition.java
src\com\sun\tools\javac\model\JavacTypes.java
src\com\sun\tools\javac\parser\DocCommentScanner.java
src\com\sun\tools\javac\parser\EndPosParser.java
src\com\sun\tools\javac\parser\Keywords.java
src\com\sun\tools\javac\parser\Lexer.java
src\com\sun\tools\javac\parser\Parser.java
src\com\sun\tools\javac\parser\Scanner.java
src\com\sun\tools\javac\parser\Token.java
src\com\sun\tools\javac\processing\AnnotationProcessingError.java
src\com\sun\tools\javac\processing\JavacFiler.java
src\com\sun\tools\javac\processing\JavacMessager.java
src\com\sun\tools\javac\processing\JavacProcessingEnvironment.java
src\com\sun\tools\javac\processing\JavacRoundEnvironment.java
src\com\sun\tools\javac\processing\PrintingProcessor.java
src\com\sun\tools\javac\processing\ServiceProxy.java
src\com\sun\tools\javac\sym\CreateSymbols.java
src\com\sun\tools\javac\tree\JCTree.java
src\com\sun\tools\javac\tree\Pretty.java
src\com\sun\tools\javac\tree\TreeCopier.java
src\com\sun\tools\javac\tree\TreeInfo.java
src\com\sun\tools\javac\tree\TreeMaker.java
src\com\sun\tools\javac\tree\TreeScanner.java
src\com\sun\tools\javac\tree\TreeTranslator.java
src\com\sun\tools\javac\util\Abort.java
src\com\sun\tools\javac\util\BaseFileManager.java
src\com\sun\tools\javac\util\Bits.java
src\com\sun\tools\javac\util\ByteBuffer.java
src\com\sun\tools\javac\util\ClientCodeException.java
src\com\sun\tools\javac\util\CloseableURLClassLoader.java
src\com\sun\tools\javac\util\Constants.java
src\com\sun\tools\javac\util\Context.java
src\com\sun\tools\javac\util\Convert.java
src\com\sun\tools\javac\util\DiagnosticFormatter.java
src\com\sun\tools\javac\util\FatalError.java
src\com\sun\tools\javac\util\JCDiagnostic.java
src\com\sun\tools\javac\util\LayoutCharacters.java
src\com\sun\tools\javac\util\List.java
src\com\sun\tools\javac\util\ListBuffer.java
src\com\sun\tools\javac\util\Log.java
src\com\sun\tools\javac\util\MandatoryWarningHandler.java
src\com\sun\tools\javac\util\Messages.java
src\com\sun\tools\javac\util\Name.java
src\com\sun\tools\javac\util\Options.java
src\com\sun\tools\javac\util\Pair.java
src\com\sun\tools\javac\util\Position.java
src\com\sun\tools\javac\util\PropagatedException.java
src\com\sun\tools\javac\util\Warner.java
src\org\simonme\tracer\javac\BlockType.java
src\org\simonme\tracer\trace\Tracer.java
test\org\simonme\tracer\javac\BlockTypeTest.java
test\org\simonme\tracer\javac\Hello.java
